#
# There is insufficient memory for the Java Runtime Environment to continue.
# Native memory allocation (malloc) failed to allocate 61865984 bytes for committing reserved memory.
# Possible reasons:
#   The system is out of physical RAM or swap space
#   In 32 bit mode, the process size limit was hit
# Possible solutions:
#   Reduce memory load on the system
#   Increase physical memory or swap space
#   Check if swap backing store is full
#   Use 64 bit Java on a 64 bit OS
#   Decrease Java heap size (-Xmx/-Xms)
#   Decrease number of Java threads
#   Decrease Java thread stack sizes (-Xss)
#   Set larger code cache with -XX:ReservedCodeCacheSize=
# This output file may be truncated or incomplete.
#
#  Out of Memory Error (os_linux.cpp:2756), pid=5414, tid=1658538816
#
# JRE version: Java(TM) SE Runtime Environment (7.0_80-b15) (build 1.7.0_80-b15)
# Java VM: Java HotSpot(TM) Server VM (24.80-b11 mixed mode linux-x86 )
# Failed to write core dump. Core dumps have been disabled. To enable core dumping, try "ulimit -c unlimited" before starting Java again
#

---------------  T H R E A D  ---------------

Current thread (0x5fc10400):  VMThread [stack: 0x62d34000,0x62db5000] [id=5419]

Stack: [0x62d34000,0x62db5000],  sp=0x62db38e0,  free space=510k
Native frames: (J=compiled Java code, j=interpreted, Vv=VM code, C=native code)
V  [libjvm.so+0x7ea656]  VMError::report_and_die()+0x1a6
V  [libjvm.so+0x33eb82]  report_vm_out_of_memory(char const*, int, unsigned int, char const*)+0x72
V  [libjvm.so+0x687fb1]  os::Linux::commit_memory_impl(char*, unsigned int, bool)+0xe1
V  [libjvm.so+0x688478]  os::pd_commit_memory(char*, unsigned int, unsigned int, bool)+0x28
V  [libjvm.so+0x681b2c]  os::commit_memory(char*, unsigned int, unsigned int, bool)+0x2c
V  [libjvm.so+0x6ea8d8]  PSVirtualSpace::expand_by(unsigned int)+0x48
V  [libjvm.so+0x6dcd01]  PSOldGen::expand(unsigned int)+0x141
V  [libjvm.so+0x6dcdcf]  PSOldGen::resize(unsigned int)+0x8f
V  [libjvm.so+0x6e39d6]  PSParallelCompact::invoke_no_policy(bool)+0x8b6
V  [libjvm.so+0x6e8fed]  PSScavenge::invoke()+0x16d
V  [libjvm.so+0x6a851a]  ParallelScavengeHeap::failed_mem_allocate(unsigned int)+0x5a
V  [libjvm.so+0x7ebeea]  VM_ParallelGCFailedAllocation::doit()+0x7a
V  [libjvm.so+0x7f4d07]  VM_Operation::evaluate()+0x47
V  [libjvm.so+0x7f2da3]  VMThread::evaluate_operation(VM_Operation*)+0xb3
V  [libjvm.so+0x7f3140]  VMThread::loop()+0x1b0
V  [libjvm.so+0x7f35a5]  VMThread::run()+0x85
V  [libjvm.so+0x68a249]  java_start(Thread*)+0x119
C  [libpthread.so.0+0x6f70]  start_thread+0xd0

VM_Operation (0x5e770a64): ParallelGCFailedAllocation, mode: safepoint, requested by thread 0x62ced400


---------------  P R O C E S S  ---------------

Java Threads: ( => current thread )
  0x5c23a000 JavaThread "Stdin handler" [_thread_blocked, id=6040, stack(0x5e682000,0x5e6d3000)]
  0x5e912000 JavaThread "Cancel handler" [_thread_blocked, id=6037, stack(0x5e775000,0x5e7c6000)]
  0x5db1c400 JavaThread "Handler for socket connection from /127.0.0.1:41909 to /127.0.0.1:41515" [_thread_in_native, id=6036, stack(0x5e6d3000,0x5e724000)]
  0x08e3dc00 JavaThread "process reaper" daemon [_thread_blocked, id=5886, stack(0x5cfc7000,0x5cfe2000)]
  0x62e41400 JavaThread "process reaper" daemon [_thread_blocked, id=5885, stack(0x5c4ea000,0x5c505000)]
  0x5db0d800 JavaThread "process reaper" daemon [_thread_blocked, id=5884, stack(0x5c664000,0x5c67f000)]
  0x62c50000 JavaThread "process reaper" daemon [_thread_blocked, id=5883, stack(0x5c757000,0x5c772000)]
  0x62e40000 JavaThread "process reaper" daemon [_thread_blocked, id=5882, stack(0x5de0b000,0x5de26000)]
  0x08e3ac00 JavaThread "process reaper" daemon [_thread_blocked, id=5879, stack(0x5c721000,0x5c73c000)]
  0x08e37400 JavaThread "process reaper" daemon [_thread_blocked, id=5875, stack(0x5ed08000,0x5ed23000)]
  0x62e3d800 JavaThread "process reaper" daemon [_thread_blocked, id=5872, stack(0x5cb08000,0x5cb23000)]
  0x090bac00 JavaThread "process reaper" daemon [_thread_blocked, id=5869, stack(0x5c98e000,0x5c9a9000)]
  0x5db14c00 JavaThread "process reaper" daemon [_thread_blocked, id=5868, stack(0x5c73c000,0x5c757000)]
  0x62e3ac00 JavaThread "process reaper" daemon [_thread_blocked, id=5865, stack(0x5d90d000,0x5d928000)]
  0x62e16c00 JavaThread "process reaper" daemon [_thread_blocked, id=5862, stack(0x5ce4d000,0x5ce68000)]
  0x5db0a400 JavaThread "process reaper" daemon [_thread_blocked, id=5859, stack(0x5c814000,0x5c82f000)]
  0x5db0bc00 JavaThread "process reaper" daemon [_thread_blocked, id=5856, stack(0x5d084000,0x5d09f000)]
  0x090b8400 JavaThread "process reaper" daemon [_thread_blocked, id=5853, stack(0x5c5a7000,0x5c5c2000)]
  0x090b7400 JavaThread "process reaper" daemon [_thread_blocked, id=5852, stack(0x5d943000,0x5d95e000)]
  0x08bc1c00 JavaThread "process reaper" daemon [_thread_blocked, id=5849, stack(0x5c8d1000,0x5c8ec000)]
  0x62e2f800 JavaThread "process reaper" daemon [_thread_blocked, id=5846, stack(0x5d928000,0x5d943000)]
  0x5e1aa400 JavaThread "process reaper" daemon [_thread_blocked, id=5843, stack(0x5ca4b000,0x5ca66000)]
  0x5e1a9c00 JavaThread "process reaper" daemon [_thread_blocked, id=5837, stack(0x5cf0a000,0x5cf25000)]
  0x62ced400 JavaThread "Daemon worker Thread 2" [_thread_blocked, id=5775, stack(0x5e724000,0x5e775000)]
  0x084e1c00 JavaThread "Daemon Thread 2" [_thread_blocked, id=5772, stack(0x5e7c6000,0x5e817000)]
  0x08666800 JavaThread "File lock request listener" [_thread_in_native, id=5436, stack(0x5e5c6000,0x5e617000)]
  0x5ebeec00 JavaThread "Incoming local TCP Connector on port 41909" [_thread_in_native, id=5428, stack(0x5ed4b000,0x5ed9c000)]
  0x5fc2a800 JavaThread "Service Thread" daemon [_thread_blocked, id=5425, stack(0x5f7ba000,0x5f80b000)]
  0x5fc28800 JavaThread "C2 CompilerThread1" daemon [_thread_blocked, id=5424, stack(0x5f80b000,0x5f88c000)]
  0x5fc26800 JavaThread "C2 CompilerThread0" daemon [_thread_blocked, id=5423, stack(0x5f88c000,0x5f90d000)]
  0x5fc25000 JavaThread "Signal Dispatcher" daemon [_thread_blocked, id=5422, stack(0x5f90d000,0x5f95e000)]
  0x5fc14400 JavaThread "Finalizer" daemon [_thread_blocked, id=5421, stack(0x5fb5e000,0x5fbaf000)]
  0x5fc12c00 JavaThread "Reference Handler" daemon [_thread_blocked, id=5420, stack(0x5fbaf000,0x5fc00000)]
  0xb6607800 JavaThread "main" [_thread_blocked, id=5416, stack(0xb673b000,0xb678c000)]

Other Threads:
=>0x5fc10400 VMThread [stack: 0x62d34000,0x62db5000] [id=5419]
  0x5fc2c400 WatcherThread [stack: 0x5f739000,0x5f7ba000] [id=5426]

VM state:at safepoint (normal execution)

VM Mutex/Monitor currently owned by a thread:  ([mutex/lock_event])
[0xb66049e8] ExpandHeap_lock - owner thread: 0x5fc10400
[0xb6604f30] Threads_lock - owner thread: 0x5fc10400
[0xb6605340] Heap_lock - owner thread: 0x62ced400

Heap
 PSYoungGen      total 312320K, used 1760K [0x9df40000, 0xb34c0000, 0xb34c0000)
  eden space 274944K, 0% used [0x9df40000,0x9df40000,0xaebc0000)
  from space 37376K, 4% used [0xaebc0000,0xaed78188,0xb1040000)
  to   space 36608K, 0% used [0xb1100000,0xb1100000,0xb34c0000)
 ParOldGen       total 113920K, used 113863K [0x734c0000, 0x7a400000, 0x9df40000)
  object space 113920K, 99% used [0x734c0000,0x7a3f1e60,0x7a400000)
 PSPermGen       total 66560K, used 59541K [0x634c0000, 0x675c0000, 0x734c0000)
  object space 66560K, 89% used [0x634c0000,0x66ee5530,0x675c0000)

Card table byte_map: [0x6323f000,0x634c0000] byte_map_base: 0x62f24a00

Polling page: 0xb76d4000

Code Cache  [0xb35a7000, 0xb3bd7000, 0xb65a7000)
 total_blobs=2185 nmethods=1787 adapters=350 free_code_cache=42958Kb largest_free_block=43858624

Compilation events (10 events):
Event: 383,453 Thread 0x5fc28800 nmethod 2073 0xb3a68e88 code [0xb3a68f80, 0xb3a69110]
Event: 383,486 Thread 0x5fc26800 2074             com.sun.org.apache.xerces.internal.impl.XMLEntityScanner::invokeListeners (39 bytes)
Event: 383,516 Thread 0x5fc26800 nmethod 2074 0xb3bc27c8 code [0xb3bc2960, 0xb3bc3098]
Event: 383,839 Thread 0x5fc28800 2075             org.apache.ivy.core.module.id.ModuleRevisionId::getModuleId (5 bytes)
Event: 383,839 Thread 0x5fc28800 nmethod 2075 0xb3bd0108 code [0xb3bd01e0, 0xb3bd0230]
Event: 383,874 Thread 0x5fc26800 2076             org.gradle.internal.component.model.AbstractModuleDescriptorBackedMetaData$DefaultConfigurationMetaData::getHierarchy (5 bytes)
Event: 383,874 Thread 0x5fc26800 nmethod 2076 0xb3a68d08 code [0xb3a68de0, 0xb3a68e30]
Event: 384,550 Thread 0x5fc26800 2077             org.gradle.internal.service.DefaultServiceRegistry$DefaultLookupContext::toSpec (170 bytes)
Event: 384,588 Thread 0x5fc26800 nmethod 2077 0xb3bd1048 code [0xb3bd12c0, 0xb3bd21d4]
Event: 385,179 Thread 0x5fc28800 2078             java.util.ComparableTimSort::mergeLo (652 bytes)

GC Heap History (10 events):
Event: 286,258 GC heap after
Heap after GC invocations=22 (full 3):
 PSYoungGen      total 309248K, used 15258K [0x9df40000, 0xb34c0000, 0xb34c0000)
  eden space 293888K, 0% used [0x9df40000,0x9df40000,0xafe40000)
  from space 15360K, 99% used [0xafe40000,0xb0d268a0,0xb0d40000)
  to   space 28160K, 0% used [0xb1940000,0xb1940000,0xb34c0000)
 ParOldGen       total 71424K, used 71200K [0x734c0000, 0x77a80000, 0x9df40000)
  object space 71424K, 99% used [0x734c0000,0x77a48298,0x77a80000)
 PSPermGen       total 54784K, used 41706K [0x634c0000, 0x66a40000, 0x734c0000)
  object space 54784K, 76% used [0x634c0000,0x65d7a900,0x66a40000)
}
Event: 286,258 GC heap before
{Heap before GC invocations=23 (full 4):
 PSYoungGen      total 309248K, used 15258K [0x9df40000, 0xb34c0000, 0xb34c0000)
  eden space 293888K, 0% used [0x9df40000,0x9df40000,0xafe40000)
  from space 15360K, 99% used [0xafe40000,0xb0d268a0,0xb0d40000)
  to   space 28160K, 0% used [0xb1940000,0xb1940000,0xb34c0000)
 ParOldGen       total 71424K, used 71200K [0x734c0000, 0x77a80000, 0x9df40000)
  object space 71424K, 99% used [0x734c0000,0x77a48298,0x77a80000)
 PSPermGen       total 54784K, used 41706K [0x634c0000, 0x66a40000, 0x734c0000)
  object space 54784K, 76% used [0x634c0000,0x65d7a900,0x66a40000)
Event: 287,339 GC heap after
Heap after GC invocations=23 (full 4):
 PSYoungGen      total 309248K, used 3052K [0x9df40000, 0xb34c0000, 0xb34c0000)
  eden space 293888K, 0% used [0x9df40000,0x9df40000,0xafe40000)
  from space 15360K, 19% used [0xafe40000,0xb013b0f0,0xb0d40000)
  to   space 28160K, 0% used [0xb1940000,0xb1940000,0xb34c0000)
 ParOldGen       total 71424K, used 71239K [0x734c0000, 0x77a80000, 0x9df40000)
  object space 71424K, 99% used [0x734c0000,0x77a51ff8,0x77a80000)
 PSPermGen       total 60928K, used 41597K [0x634c0000, 0x67040000, 0x734c0000)
  object space 60928K, 68% used [0x634c0000,0x65d5f770,0x67040000)
}
Event: 308,502 GC heap before
{Heap before GC invocations=24 (full 5):
 PSYoungGen      total 309248K, used 296940K [0x9df40000, 0xb34c0000, 0xb34c0000)
  eden space 293888K, 100% used [0x9df40000,0xafe40000,0xafe40000)
  from space 15360K, 19% used [0xafe40000,0xb013b0f0,0xb0d40000)
  to   space 28160K, 0% used [0xb1940000,0xb1940000,0xb34c0000)
 ParOldGen       total 71424K, used 71239K [0x734c0000, 0x77a80000, 0x9df40000)
  object space 71424K, 99% used [0x734c0000,0x77a51ff8,0x77a80000)
 PSPermGen       total 60928K, used 47736K [0x634c0000, 0x67040000, 0x734c0000)
  object space 60928K, 78% used [0x634c0000,0x6635e1e8,0x67040000)
Event: 309,446 GC heap after
Heap after GC invocations=24 (full 5):
 PSYoungGen      total 309248K, used 31162K [0x9df40000, 0xb34c0000, 0xb34c0000)
  eden space 293888K, 10% used [0x9df40000,0x9fdaea98,0xafe40000)
  from space 15360K, 0% used [0xafe40000,0xafe40000,0xb0d40000)
  to   space 28160K, 0% used [0xb1940000,0xb1940000,0xb34c0000)
 ParOldGen       total 113920K, used 71381K [0x734c0000, 0x7a400000, 0x9df40000)
  object space 113920K, 62% used [0x734c0000,0x77a755b0,0x7a400000)
 PSPermGen       total 66560K, used 47730K [0x634c0000, 0x675c0000, 0x734c0000)
  object space 66560K, 71% used [0x634c0000,0x6635cba0,0x675c0000)
}
Event: 342,259 GC heap before
{Heap before GC invocations=25 (full 5):
 PSYoungGen      total 309248K, used 293888K [0x9df40000, 0xb34c0000, 0xb34c0000)
  eden space 293888K, 100% used [0x9df40000,0xafe40000,0xafe40000)
  from space 15360K, 0% used [0xafe40000,0xafe40000,0xb0d40000)
  to   space 28160K, 0% used [0xb1940000,0xb1940000,0xb34c0000)
 ParOldGen       total 113920K, used 71381K [0x734c0000, 0x7a400000, 0x9df40000)
  object space 113920K, 62% used [0x734c0000,0x77a755b0,0x7a400000)
 PSPermGen       total 66560K, used 53391K [0x634c0000, 0x675c0000, 0x734c0000)
  object space 66560K, 80% used [0x634c0000,0x668e3ff0,0x675c0000)
Event: 342,492 GC heap after
Heap after GC invocations=25 (full 5):
 PSYoungGen      total 303104K, used 28146K [0x9df40000, 0xb34c0000, 0xb34c0000)
  eden space 274944K, 0% used [0x9df40000,0x9df40000,0xaebc0000)
  from space 28160K, 99% used [0xb1940000,0xb34bc938,0xb34c0000)
  to   space 37376K, 0% used [0xaebc0000,0xaebc0000,0xb1040000)
 ParOldGen       total 113920K, used 83142K [0x734c0000, 0x7a400000, 0x9df40000)
  object space 113920K, 72% used [0x734c0000,0x785f1870,0x7a400000)
 PSPermGen       total 66560K, used 53391K [0x634c0000, 0x675c0000, 0x734c0000)
  object space 66560K, 80% used [0x634c0000,0x668e3ff0,0x675c0000)
}
Event: 385,221 GC heap before
{Heap before GC invocations=26 (full 5):
 PSYoungGen      total 303104K, used 303090K [0x9df40000, 0xb34c0000, 0xb34c0000)
  eden space 274944K, 100% used [0x9df40000,0xaebc0000,0xaebc0000)
  from space 28160K, 99% used [0xb1940000,0xb34bc938,0xb34c0000)
  to   space 37376K, 0% used [0xaebc0000,0xaebc0000,0xb1040000)
 ParOldGen       total 113920K, used 83142K [0x734c0000, 0x7a400000, 0x9df40000)
  object space 113920K, 72% used [0x734c0000,0x785f1870,0x7a400000)
 PSPermGen       total 66560K, used 59551K [0x634c0000, 0x675c0000, 0x734c0000)
  object space 66560K, 89% used [0x634c0000,0x66ee7fa8,0x675c0000)
Event: 385,419 GC heap after
Heap after GC invocations=26 (full 5):
 PSYoungGen      total 312320K, used 17712K [0x9df40000, 0xb34c0000, 0xb34c0000)
  eden space 274944K, 0% used [0x9df40000,0x9df40000,0xaebc0000)
  from space 37376K, 47% used [0xaebc0000,0xafd0c0d0,0xb1040000)
  to   space 36608K, 0% used [0xb1100000,0xb1100000,0xb34c0000)
 ParOldGen       total 113920K, used 107701K [0x734c0000, 0x7a400000, 0x9df40000)
  object space 113920K, 94% used [0x734c0000,0x79ded5f8,0x7a400000)
 PSPermGen       total 66560K, used 59551K [0x634c0000, 0x675c0000, 0x734c0000)
  object space 66560K, 89% used [0x634c0000,0x66ee7fa8,0x675c0000)
}
Event: 385,419 GC heap before
{Heap before GC invocations=27 (full 6):
 PSYoungGen      total 312320K, used 17712K [0x9df40000, 0xb34c0000, 0xb34c0000)
  eden space 274944K, 0% used [0x9df40000,0x9df40000,0xaebc0000)
  from space 37376K, 47% used [0xaebc0000,0xafd0c0d0,0xb1040000)
  to   space 36608K, 0% used [0xb1100000,0xb1100000,0xb34c0000)
 ParOldGen       total 113920K, used 107701K [0x734c0000, 0x7a400000, 0x9df40000)
  object space 113920K, 94% used [0x734c0000,0x79ded5f8,0x7a400000)
 PSPermGen       total 66560K, used 59551K [0x634c0000, 0x675c0000, 0x734c0000)
  object space 66560K, 89% used [0x634c0000,0x66ee7fa8,0x675c0000)

Deoptimization events (10 events):
Event: 359,450 Thread 0x62ced400 Uncommon trap: reason=bimorphic action=maybe_recompile pc=0xb37aee78 method=java.lang.AbstractStringBuilder.append(Ljava/lang/CharSequence;II)Ljava/lang/AbstractStringBuilder; @ 18
Event: 360,337 Thread 0x62ced400 Uncommon trap: reason=bimorphic action=maybe_recompile pc=0xb39a0768 method=org.gradle.util.CollectionUtils.join(Ljava/lang/String;Ljava/lang/Iterable;)Ljava/lang/String; @ 39
Event: 360,533 Thread 0x62ced400 Uncommon trap: reason=unstable_if action=reinterpret pc=0xb3ac166c method=com.sun.tools.javac.util.Position$LineMapImpl.build([CI)V @ 102
Event: 360,567 Thread 0x62ced400 Uncommon trap: reason=unstable_if action=reinterpret pc=0xb3bacc20 method=com.sun.tools.javac.code.Types$19.visitClassType(Lcom/sun/tools/javac/code/Type$ClassType;Ljava/lang/Void;)Lcom/sun/tools/javac/code/Type; @ 4
Event: 360,598 Thread 0x62ced400 Uncommon trap: reason=predicate action=maybe_recompile pc=0xb3baf84c method=com.sun.tools.javac.tree.TreeScanner.scan(Lcom/sun/tools/javac/util/List;)V @ 13
Event: 360,600 Thread 0x62ced400 Uncommon trap: reason=unstable_if action=reinterpret pc=0xb39b00bc method=com.sun.tools.javac.code.Types$19.visitClassType(Lcom/sun/tools/javac/code/Type$ClassType;Ljava/lang/Void;)Lcom/sun/tools/javac/code/Type; @ 4
Event: 360,641 Thread 0x62ced400 Uncommon trap: reason=null_check action=make_not_entrant pc=0xb3bbd6e0 method=com.sun.tools.javac.comp.Flow.errorUncaught()V @ 7
Event: 385,178 Thread 0x62ced400 Uncommon trap: reason=predicate action=maybe_recompile pc=0xb3a2d554 method=java.util.ComparableTimSort.mergeLo(IIII)V @ 143
Event: 385,179 Thread 0x62ced400 Uncommon trap: reason=array_check action=maybe_recompile pc=0xb3a2f6c8 method=java.util.ComparableTimSort.mergeHi(IIII)V @ 266
Event: 385,209 Thread 0x62ced400 Uncommon trap: reason=array_check action=maybe_recompile pc=0xb3a2f6c8 method=java.util.ComparableTimSort.mergeHi(IIII)V @ 266

Internal exceptions (10 events):
Event: 385,217 Thread 0x62ced400 Threw 0xaeb61e80 at /HUDSON/workspace/7u-2-build-linux-i586/jdk7u80/2329/hotspot/src/share/vm/classfile/systemDictionary.cpp:185
Event: 385,217 Thread 0x62ced400 Threw 0xaeb66588 at /HUDSON/workspace/7u-2-build-linux-i586/jdk7u80/2329/hotspot/src/share/vm/prims/jvm.cpp:1319
Event: 385,218 Thread 0x62ced400 Threw 0xaeb6a988 at /HUDSON/workspace/7u-2-build-linux-i586/jdk7u80/2329/hotspot/src/share/vm/prims/jvm.cpp:1319
Event: 385,218 Thread 0x62ced400 Threw 0xaeb6af08 at /HUDSON/workspace/7u-2-build-linux-i586/jdk7u80/2329/hotspot/src/share/vm/classfile/systemDictionary.cpp:185
Event: 385,218 Thread 0x62ced400 Threw 0xaeb6f3b0 at /HUDSON/workspace/7u-2-build-linux-i586/jdk7u80/2329/hotspot/src/share/vm/prims/jvm.cpp:1319
Event: 385,218 Thread 0x62ced400 Threw 0xaeb73560 at /HUDSON/workspace/7u-2-build-linux-i586/jdk7u80/2329/hotspot/src/share/vm/prims/jvm.cpp:1319
Event: 385,218 Thread 0x62ced400 Threw 0xaeb73ad8 at /HUDSON/workspace/7u-2-build-linux-i586/jdk7u80/2329/hotspot/src/share/vm/classfile/systemDictionary.cpp:185
Event: 385,218 Thread 0x62ced400 Threw 0xaeb78188 at /HUDSON/workspace/7u-2-build-linux-i586/jdk7u80/2329/hotspot/src/share/vm/prims/jvm.cpp:1319
Event: 385,218 Thread 0x62ced400 Threw 0xaeb7c588 at /HUDSON/workspace/7u-2-build-linux-i586/jdk7u80/2329/hotspot/src/share/vm/prims/jvm.cpp:1319
Event: 385,219 Thread 0x62ced400 Threw 0xaeb7cb08 at /HUDSON/workspace/7u-2-build-linux-i586/jdk7u80/2329/hotspot/src/share/vm/classfile/systemDictionary.cpp:185

Events (10 events):
Event: 385,217 loading class 0x5beaba98 done
Event: 385,217 loading class 0x5eb69b40
Event: 385,217 loading class 0x5eb69b40 done
Event: 385,218 loading class 0x5be29d20
Event: 385,218 loading class 0x5be29d20 done
Event: 385,218 loading class 0x5c2825a8
Event: 385,218 loading class 0x5c2825a8 done
Event: 385,218 loading class 0x5ec92bb8
Event: 385,218 loading class 0x5ec92bb8 done
Event: 385,220 Executing VM operation: ParallelGCFailedAllocation


Dynamic libraries:
08048000-08049000 r-xp 00000000 08:02 3033277    /usr/lib/jvm/java-7-oracle/bin/java
08049000-0804a000 rw-p 00000000 08:02 3033277    /usr/lib/jvm/java-7-oracle/bin/java
082f3000-096ff000 rw-p 00000000 00:00 0          [heap]
5ba00000-5baf8000 rw-p 00000000 00:00 0 
5baf8000-5bb00000 ---p 00000000 00:00 0 
5bc00000-5bcfb000 rw-p 00000000 00:00 0 
5bcfb000-5bd00000 ---p 00000000 00:00 0 
5bd00000-5be00000 rw-p 00000000 00:00 0 
5be00000-5bffe000 rw-p 00000000 00:00 0 
5bffe000-5c000000 ---p 00000000 00:00 0 
5c000000-5c0fa000 rw-p 00000000 00:00 0 
5c0fa000-5c100000 ---p 00000000 00:00 0 
5c1e0000-5c1e3000 r--s 00012000 08:02 1588598    /home/zulfikar/android-studio/gradle/m2repository/com/android/tools/layoutlib/layoutlib-api/24.2.3/layoutlib-api-24.2.3.jar
5c1e3000-5c1ed000 r--s 000a9000 08:02 1588733    /home/zulfikar/android-studio/gradle/m2repository/com/android/tools/sdklib/24.2.3/sdklib-24.2.3.jar
5c1ed000-5c200000 r--s 0015d000 08:02 1588687    /home/zulfikar/android-studio/gradle/m2repository/com/android/tools/build/gradle-core/1.2.3/gradle-core-1.2.3.jar
5c200000-5c2fe000 rw-p 00000000 00:00 0 
5c2fe000-5c300000 ---p 00000000 00:00 0 
5c301000-5c304000 r--s 0002b000 08:02 1588562    /home/zulfikar/android-studio/gradle/m2repository/com/android/tools/lint/lint-api/24.2.3/lint-api-24.2.3.jar
5c304000-5c307000 ---p 00000000 00:00 0 
5c307000-5c355000 rw-p 00000000 00:00 0 
5c355000-5c358000 ---p 00000000 00:00 0 
5c358000-5c3a6000 rw-p 00000000 00:00 0 
5c3a6000-5c3a9000 ---p 00000000 00:00 0 
5c3a9000-5c3f7000 rw-p 00000000 00:00 0 
5c3f7000-5c3fa000 ---p 00000000 00:00 0 
5c3fa000-5c448000 rw-p 00000000 00:00 0 
5c448000-5c44b000 ---p 00000000 00:00 0 
5c44b000-5c499000 rw-p 00000000 00:00 0 
5c499000-5c49c000 ---p 00000000 00:00 0 
5c49c000-5c4ea000 rw-p 00000000 00:00 0 
5c4ea000-5c4ed000 ---p 00000000 00:00 0 
5c4ed000-5c505000 rw-p 00000000 00:00 0          [stack:5885]
5c505000-5c508000 ---p 00000000 00:00 0 
5c508000-5c556000 rw-p 00000000 00:00 0 
5c556000-5c559000 ---p 00000000 00:00 0 
5c559000-5c5a7000 rw-p 00000000 00:00 0 
5c5a7000-5c5aa000 ---p 00000000 00:00 0 
5c5aa000-5c5c2000 rw-p 00000000 00:00 0          [stack:5853]
5c5c2000-5c5c5000 ---p 00000000 00:00 0 
5c5c5000-5c613000 rw-p 00000000 00:00 0 
5c613000-5c616000 ---p 00000000 00:00 0 
5c616000-5c664000 rw-p 00000000 00:00 0 
5c664000-5c667000 ---p 00000000 00:00 0 
5c667000-5c67f000 rw-p 00000000 00:00 0          [stack:5884]
5c67f000-5c682000 ---p 00000000 00:00 0 
5c682000-5c6d0000 rw-p 00000000 00:00 0 
5c6d0000-5c6d3000 ---p 00000000 00:00 0 
5c6d3000-5c721000 rw-p 00000000 00:00 0 
5c721000-5c724000 ---p 00000000 00:00 0 
5c724000-5c73c000 rw-p 00000000 00:00 0          [stack:5879]
5c73c000-5c73f000 ---p 00000000 00:00 0 
5c73f000-5c757000 rw-p 00000000 00:00 0          [stack:5868]
5c757000-5c75a000 ---p 00000000 00:00 0 
5c75a000-5c772000 rw-p 00000000 00:00 0          [stack:5883]
5c772000-5c775000 ---p 00000000 00:00 0 
5c775000-5c7c3000 rw-p 00000000 00:00 0 
5c7c3000-5c7c6000 ---p 00000000 00:00 0 
5c7c6000-5c814000 rw-p 00000000 00:00 0 
5c814000-5c817000 ---p 00000000 00:00 0 
5c817000-5c82f000 rw-p 00000000 00:00 0          [stack:5859]
5c82f000-5c832000 ---p 00000000 00:00 0 
5c832000-5c880000 rw-p 00000000 00:00 0 
5c880000-5c883000 ---p 00000000 00:00 0 
5c883000-5c8d1000 rw-p 00000000 00:00 0 
5c8d1000-5c8d4000 ---p 00000000 00:00 0 
5c8d4000-5c8ec000 rw-p 00000000 00:00 0          [stack:5849]
5c8ec000-5c8ef000 ---p 00000000 00:00 0 
5c8ef000-5c93d000 rw-p 00000000 00:00 0 
5c93d000-5c940000 ---p 00000000 00:00 0 
5c940000-5c98e000 rw-p 00000000 00:00 0 
5c98e000-5c991000 ---p 00000000 00:00 0 
5c991000-5c9a9000 rw-p 00000000 00:00 0          [stack:5869]
5c9a9000-5c9ac000 ---p 00000000 00:00 0 
5c9ac000-5c9fa000 rw-p 00000000 00:00 0 
5c9fa000-5c9fd000 ---p 00000000 00:00 0 
5c9fd000-5ca4b000 rw-p 00000000 00:00 0 
5ca4b000-5ca4e000 ---p 00000000 00:00 0 
5ca4e000-5ca66000 rw-p 00000000 00:00 0          [stack:5843]
5ca66000-5ca69000 ---p 00000000 00:00 0 
5ca69000-5cab7000 rw-p 00000000 00:00 0 
5cab7000-5caba000 ---p 00000000 00:00 0 
5caba000-5cb08000 rw-p 00000000 00:00 0 
5cb08000-5cb0b000 ---p 00000000 00:00 0 
5cb0b000-5cb23000 rw-p 00000000 00:00 0          [stack:5872]
5cb23000-5cb26000 ---p 00000000 00:00 0 
5cb26000-5cb74000 rw-p 00000000 00:00 0 
5cb74000-5cb77000 ---p 00000000 00:00 0 
5cb77000-5cbc5000 rw-p 00000000 00:00 0 
5cbc5000-5cbc8000 ---p 00000000 00:00 0 
5cbc8000-5cc16000 rw-p 00000000 00:00 0 
5cc16000-5cc19000 ---p 00000000 00:00 0 
5cc19000-5cc67000 rw-p 00000000 00:00 0 
5cc67000-5cc6a000 ---p 00000000 00:00 0 
5cc6a000-5ccb8000 rw-p 00000000 00:00 0 
5ccb8000-5ccbb000 ---p 00000000 00:00 0 
5ccbb000-5cd09000 rw-p 00000000 00:00 0 
5cd09000-5cd0c000 ---p 00000000 00:00 0 
5cd0c000-5cd5a000 rw-p 00000000 00:00 0 
5cd5a000-5cd5d000 ---p 00000000 00:00 0 
5cd5d000-5cdab000 rw-p 00000000 00:00 0 
5cdab000-5cdae000 ---p 00000000 00:00 0 
5cdae000-5cdfc000 rw-p 00000000 00:00 0 
5cdfc000-5cdff000 ---p 00000000 00:00 0 
5cdff000-5ce4d000 rw-p 00000000 00:00 0 
5ce4d000-5ce50000 ---p 00000000 00:00 0 
5ce50000-5ce68000 rw-p 00000000 00:00 0          [stack:5862]
5ce68000-5ce6b000 ---p 00000000 00:00 0 
5ce6b000-5ceb9000 rw-p 00000000 00:00 0 
5ceb9000-5cebc000 ---p 00000000 00:00 0 
5cebc000-5cf0a000 rw-p 00000000 00:00 0 
5cf0a000-5cf0d000 ---p 00000000 00:00 0 
5cf0d000-5cf25000 rw-p 00000000 00:00 0          [stack:5837]
5cf25000-5cf28000 ---p 00000000 00:00 0 
5cf28000-5cf76000 rw-p 00000000 00:00 0 
5cf76000-5cf79000 ---p 00000000 00:00 0 
5cf79000-5cfc7000 rw-p 00000000 00:00 0 
5cfc7000-5cfca000 ---p 00000000 00:00 0 
5cfca000-5cfe2000 rw-p 00000000 00:00 0          [stack:5886]
5cfe2000-5cfe5000 ---p 00000000 00:00 0 
5cfe5000-5d033000 rw-p 00000000 00:00 0 
5d033000-5d036000 ---p 00000000 00:00 0 
5d036000-5d084000 rw-p 00000000 00:00 0 
5d084000-5d087000 ---p 00000000 00:00 0 
5d087000-5d09f000 rw-p 00000000 00:00 0          [stack:5856]
5d09f000-5d0a2000 ---p 00000000 00:00 0 
5d0a2000-5d0f0000 rw-p 00000000 00:00 0 
5d0f0000-5d0f3000 ---p 00000000 00:00 0 
5d0f3000-5d141000 rw-p 00000000 00:00 0 
5d141000-5d144000 ---p 00000000 00:00 0 
5d144000-5d192000 rw-p 00000000 00:00 0 
5d192000-5d195000 ---p 00000000 00:00 0 
5d195000-5d1e3000 rw-p 00000000 00:00 0 
5d1e3000-5d1e6000 ---p 00000000 00:00 0 
5d1e6000-5d234000 rw-p 00000000 00:00 0 
5d234000-5d237000 ---p 00000000 00:00 0 
5d237000-5d285000 rw-p 00000000 00:00 0 
5d285000-5d288000 ---p 00000000 00:00 0 
5d288000-5d2d6000 rw-p 00000000 00:00 0 
5d2d6000-5d2d9000 ---p 00000000 00:00 0 
5d2d9000-5d327000 rw-p 00000000 00:00 0 
5d327000-5d32a000 ---p 00000000 00:00 0 
5d32a000-5d378000 rw-p 00000000 00:00 0 
5d378000-5d37b000 ---p 00000000 00:00 0 
5d37b000-5d3c9000 rw-p 00000000 00:00 0 
5d3c9000-5d3cc000 ---p 00000000 00:00 0 
5d3cc000-5d41a000 rw-p 00000000 00:00 0 
5d41a000-5d41d000 ---p 00000000 00:00 0 
5d41d000-5d46b000 rw-p 00000000 00:00 0 
5d46b000-5d46e000 ---p 00000000 00:00 0 
5d46e000-5d4bc000 rw-p 00000000 00:00 0 
5d4bc000-5d4bf000 ---p 00000000 00:00 0 
5d4bf000-5d50d000 rw-p 00000000 00:00 0 
5d50d000-5d510000 ---p 00000000 00:00 0 
5d510000-5d55e000 rw-p 00000000 00:00 0 
5d55e000-5d561000 ---p 00000000 00:00 0 
5d561000-5d5af000 rw-p 00000000 00:00 0 
5d5af000-5d5b2000 ---p 00000000 00:00 0 
5d5b2000-5d600000 rw-p 00000000 00:00 0 
5d600000-5d7b1000 rw-p 00000000 00:00 0 
5d7b1000-5d800000 ---p 00000000 00:00 0 
5d800000-5d8db000 rw-p 00000000 00:00 0 
5d8db000-5d900000 ---p 00000000 00:00 0 
5d900000-5d905000 r--s 00042000 08:02 1588636    /home/zulfikar/android-studio/gradle/m2repository/com/android/tools/ddms/ddmlib/24.2.3/ddmlib-24.2.3.jar
5d905000-5d909000 r--s 00029000 08:02 1588730    /home/zulfikar/android-studio/gradle/m2repository/com/android/tools/build/manifest-merger/24.2.3/manifest-merger-24.2.3.jar
5d909000-5d90b000 r--s 00004000 08:02 1588653    /home/zulfikar/android-studio/gradle/m2repository/com/android/tools/build/builder-model/1.2.3/builder-model-1.2.3.jar
5d90b000-5d90d000 r--s 00012000 08:02 1588626    /home/zulfikar/android-studio/gradle/m2repository/com/android/tools/common/24.2.3/common-24.2.3.jar
5d90d000-5d910000 ---p 00000000 00:00 0 
5d910000-5d928000 rw-p 00000000 00:00 0          [stack:5865]
5d928000-5d92b000 ---p 00000000 00:00 0 
5d92b000-5d943000 rw-p 00000000 00:00 0          [stack:5846]
5d943000-5d946000 ---p 00000000 00:00 0 
5d946000-5d95e000 rw-p 00000000 00:00 0          [stack:5852]
5d95e000-5d961000 ---p 00000000 00:00 0 
5d961000-5d9af000 rw-p 00000000 00:00 0 
5d9af000-5d9b2000 ---p 00000000 00:00 0 
5d9b2000-5da00000 rw-p 00000000 00:00 0 
5da00000-5dafc000 rw-p 00000000 00:00 0 
5dafc000-5db00000 ---p 00000000 00:00 0 
5db00000-5dbfc000 rw-p 00000000 00:00 0 
5dbfc000-5dc00000 ---p 00000000 00:00 0 
5dc00000-5dc01000 r--s 00005000 08:02 1588616    /home/zulfikar/android-studio/gradle/m2repository/com/android/tools/dvlib/24.2.3/dvlib-24.2.3.jar
5dc01000-5dc07000 r--s 0005f000 08:02 1588608    /home/zulfikar/android-studio/gradle/m2repository/com/android/tools/sdk-common/24.2.3/sdk-common-24.2.3.jar
5dc07000-5dc0d000 r--s 00093000 08:02 1588552    /home/zulfikar/android-studio/gradle/m2repository/com/android/tools/lint/lint-checks/24.2.3/lint-checks-24.2.3.jar
5dc0d000-5dc10000 ---p 00000000 00:00 0 
5dc10000-5dc5e000 rw-p 00000000 00:00 0 
5dc5e000-5dc61000 ---p 00000000 00:00 0 
5dc61000-5dcaf000 rw-p 00000000 00:00 0 
5dcaf000-5dcb2000 ---p 00000000 00:00 0 
5dcb2000-5dd00000 rw-p 00000000 00:00 0 
5dd00000-5ddf6000 rw-p 00000000 00:00 0 
5ddf6000-5de00000 ---p 00000000 00:00 0 
5de00000-5de01000 r--s 00001000 08:02 1588589    /home/zulfikar/android-studio/gradle/m2repository/com/android/tools/annotations/24.2.3/annotations-24.2.3.jar
5de01000-5de02000 r--s 00002000 08:02 1588662    /home/zulfikar/android-studio/gradle/m2repository/com/android/tools/build/builder-test-api/1.2.3/builder-test-api-1.2.3.jar
5de02000-5de07000 r--s 00039000 08:02 1588646    /home/zulfikar/android-studio/gradle/m2repository/com/android/tools/build/builder/1.2.3/builder-1.2.3.jar
5de07000-5de09000 r--s 0001a000 08:02 1588544    /home/zulfikar/android-studio/gradle/m2repository/com/android/tools/lint/lint/24.2.3/lint-24.2.3.jar
5de09000-5de0b000 r--s 0000c000 08:02 1588677    /home/zulfikar/android-studio/gradle/m2repository/com/android/tools/build/gradle/1.2.3/gradle-1.2.3.jar
5de0b000-5de0e000 ---p 00000000 00:00 0 
5de0e000-5de26000 rw-p 00000000 00:00 0          [stack:5882]
5de26000-5de29000 ---p 00000000 00:00 0 
5de29000-5de77000 rw-p 00000000 00:00 0 
5de77000-5de7a000 ---p 00000000 00:00 0 
5de7a000-5dec8000 rw-p 00000000 00:00 0 
5dec8000-5decd000 r--s 00028000 08:02 1330283    /home/zulfikar/android-studio/gradle/m2repository/org/apache/httpcomponents/httpcore/4.1/httpcore-4.1.jar
5decd000-5ded5000 r--s 000a8000 08:02 1588568    /home/zulfikar/android-studio/gradle/m2repository/com/android/tools/external/lombok/lombok-ast/0.2.3/lombok-ast-0.2.3.jar
5ded5000-5df00000 r--s 001f9000 08:02 1451176    /home/zulfikar/android-studio/gradle/m2repository/com/google/guava/guava/17.0/guava-17.0.jar
5df00000-5dfdf000 rw-p 00000000 00:00 0 
5dfdf000-5e000000 ---p 00000000 00:00 0 
5e000000-5e002000 r--s 0000d000 08:02 1588714    /home/zulfikar/android-studio/gradle/m2repository/commons-codec/commons-codec/1.4/commons-codec-1.4.jar
5e002000-5e004000 r--s 0000d000 08:02 668774     /home/zulfikar/android-studio/gradle/m2repository/commons-logging/commons-logging/1.1.1/commons-logging-1.1.1.jar
5e004000-5e00b000 r--s 00053000 08:02 1056308    /home/zulfikar/android-studio/gradle/m2repository/org/apache/commons/commons-compress/1.8.1/commons-compress-1.8.1.jar
5e00b000-5e00e000 r--s 00012000 08:02 1588585    /home/zulfikar/android-studio/gradle/m2repository/com/android/tools/layoutlib/layoutlib-api/24.1.0/layoutlib-api-24.1.0.jar
5e00e000-5e010000 r--s 00005000 08:02 1330276    /home/zulfikar/android-studio/gradle/m2repository/org/apache/httpcomponents/httpmime/4.1/httpmime-4.1.jar
5e010000-5e018000 r--s 0004e000 08:02 1451078    /home/zulfikar/android-studio/gradle/m2repository/org/apache/httpcomponents/httpclient/4.1.1/httpclient-4.1.1.jar
5e018000-5e019000 r--s 00005000 08:02 1588602    /home/zulfikar/android-studio/gradle/m2repository/com/android/tools/dvlib/24.1.0/dvlib-24.1.0.jar
5e019000-5e01a000 r--s 0000a000 08:02 1588711    /home/zulfikar/android-studio/gradle/m2repository/net/sf/kxml/kxml2/2.3.0/kxml2-2.3.0.jar
5e01a000-5e01b000 r--s 00001000 08:02 1588580    /home/zulfikar/android-studio/gradle/m2repository/com/android/tools/annotations/24.1.0/annotations-24.1.0.jar
5e01b000-5e020000 r--s 0002a000 08:02 1451169    /home/zulfikar/android-studio/gradle/m2repository/com/google/code/gson/gson/2.2.4/gson-2.2.4.jar
5e020000-5e023000 r--s 0002b000 08:02 1588557    /home/zulfikar/android-studio/gradle/m2repository/com/android/tools/lint/lint-api/24.1.0/lint-api-24.1.0.jar
5e023000-5e024000 r--s 00004000 08:02 1451119    /home/zulfikar/android-studio/gradle/m2repository/org/ow2/asm/asm-analysis/5.0.3/asm-analysis-5.0.3.jar
5e024000-5e032000 r--s 00081000 08:02 1451096    /home/zulfikar/android-studio/gradle/m2repository/org/bouncycastle/bcpkix-jdk15on/1.48/bcpkix-jdk15on-1.48.jar
5e032000-5e034000 r--s 00012000 08:02 1588611    /home/zulfikar/android-studio/gradle/m2repository/com/android/tools/common/24.1.0/common-24.1.0.jar
5e034000-5e03d000 r--s 000a9000 08:02 1588683    /home/zulfikar/android-studio/gradle/m2repository/com/android/tools/sdklib/24.1.0/sdklib-24.1.0.jar
5e03d000-5e03f000 r--s 00002000 08:02 1451158    /home/zulfikar/android-studio/gradle/m2repository/com/squareup/javawriter/2.5.0/javawriter-2.5.0.jar
5e03f000-5e044000 r--s 00042000 08:02 1588621    /home/zulfikar/android-studio/gradle/m2repository/com/android/tools/ddms/ddmlib/24.1.0/ddmlib-24.1.0.jar
5e044000-5e046000 r--s 00006000 08:02 1451143    /home/zulfikar/android-studio/gradle/m2repository/org/ow2/asm/asm-tree/5.0.3/asm-tree-5.0.3.jar
5e046000-5e079000 r--s 00203000 08:02 1451102    /home/zulfikar/android-studio/gradle/m2repository/org/bouncycastle/bcprov-jdk15on/1.48/bcprov-jdk15on-1.48.jar
5e079000-5e07d000 r--s 00029000 08:02 1588674    /home/zulfikar/android-studio/gradle/m2repository/com/android/tools/build/manifest-merger/24.1.0/manifest-merger-24.1.0.jar
5e07d000-5e084000 r--s 0005e000 08:02 1588594    /home/zulfikar/android-studio/gradle/m2repository/com/android/tools/sdk-common/24.1.0/sdk-common-24.1.0.jar
5e084000-5e094000 r--s 000d3000 08:02 1588693    /home/zulfikar/android-studio/gradle/m2repository/net/sf/proguard/proguard-base/5.1/proguard-base-5.1.jar
5e094000-5e100000 r--s 00696000 08:02 655406     /home/zulfikar/android-studio/lib/groovy-all-2.3.9.jar
5e100000-5e1fa000 rw-p 00000000 00:00 0 
5e1fa000-5e200000 ---p 00000000 00:00 0 
5e200000-5e201000 r--s 0000c000 08:02 1451131    /home/zulfikar/android-studio/gradle/m2repository/org/ow2/asm/asm/5.0.3/asm-5.0.3.jar
5e201000-5e203000 r--s 00004000 08:02 1588642    /home/zulfikar/android-studio/gradle/m2repository/com/android/tools/build/builder-model/1.1.0/builder-model-1.1.0.jar
5e203000-5e208000 r--s 00091000 08:02 1588547    /home/zulfikar/android-studio/gradle/m2repository/com/android/tools/lint/lint-checks/24.1.0/lint-checks-24.1.0.jar
5e208000-5e21a000 r--s 00220000 08:02 797573     /home/zulfikar/android-studio/gradle/m2repository/org/eclipse/jdt/core/compiler/ecj/4.4/ecj-4.4.jar
5e21a000-5e21f000 r--s 00034000 08:02 1588632    /home/zulfikar/android-studio/gradle/m2repository/com/android/tools/build/builder/1.1.0/builder-1.1.0.jar
5e21f000-5e230000 r--s 00140000 08:02 1588667    /home/zulfikar/android-studio/gradle/m2repository/com/android/tools/build/gradle-core/1.1.0/gradle-core-1.1.0.jar
5e230000-5e23a000 r--s 00253000 08:02 2776072    /usr/lib/jvm/java-7-oracle/jre/lib/resources.jar
5e23a000-5e300000 r--s 010e5000 08:02 655437     /home/zulfikar/android-studio/lib/openapi.jar
5e300000-5e3ee000 rw-p 00000000 00:00 0 
5e3ee000-5e400000 ---p 00000000 00:00 0 
5e400000-5e4f8000 rw-p 00000000 00:00 0 
5e4f8000-5e500000 ---p 00000000 00:00 0 
5e500000-5e5c6000 r--s 010e5000 08:02 1059480    /home/zulfikar/.gradle/caches/jars-1/e6n6bk27lss49qgifx6jutcooy21uiy/openapi.jar
5e5c6000-5e5c9000 ---p 00000000 00:00 0 
5e5c9000-5e617000 rw-p 00000000 00:00 0          [stack:5436]
5e617000-5e682000 r--s 00e21000 08:02 2775989    /usr/lib/jvm/java-7-oracle/lib/tools.jar
5e682000-5e685000 ---p 00000000 00:00 0 
5e685000-5e6d3000 rw-p 00000000 00:00 0          [stack:6040]
5e6d3000-5e6d6000 ---p 00000000 00:00 0 
5e6d6000-5e724000 rw-p 00000000 00:00 0          [stack:6036]
5e724000-5e727000 ---p 00000000 00:00 0 
5e727000-5e775000 rw-p 00000000 00:00 0          [stack:5775]
5e775000-5e778000 ---p 00000000 00:00 0 
5e778000-5e7c6000 rw-p 00000000 00:00 0          [stack:6037]
5e7c6000-5e7c9000 ---p 00000000 00:00 0 
5e7c9000-5e817000 rw-p 00000000 00:00 0          [stack:5772]
5e817000-5e8f3000 r-xp 00000000 08:02 2758729    /usr/lib/i386-linux-gnu/libstdc++.so.6.0.19
5e8f3000-5e8f4000 ---p 000dc000 08:02 2758729    /usr/lib/i386-linux-gnu/libstdc++.so.6.0.19
5e8f4000-5e8f8000 r--p 000dc000 08:02 2758729    /usr/lib/i386-linux-gnu/libstdc++.so.6.0.19
5e8f8000-5e8f9000 rw-p 000e0000 08:02 2758729    /usr/lib/i386-linux-gnu/libstdc++.so.6.0.19
5e8f9000-5e900000 rw-p 00000000 00:00 0 
5e900000-5e9ed000 rw-p 00000000 00:00 0 
5e9ed000-5ea00000 ---p 00000000 00:00 0 
5ea00000-5eafb000 rw-p 00000000 00:00 0 
5eafb000-5eb00000 ---p 00000000 00:00 0 
5eb00000-5ec00000 rw-p 00000000 00:00 0 
5ec00000-5ed00000 rw-p 00000000 00:00 0 
5ed00000-5ed01000 r--s 00002000 08:02 1588650    /home/zulfikar/android-studio/gradle/m2repository/com/android/tools/build/builder-test-api/1.1.0/builder-test-api-1.1.0.jar
5ed01000-5ed02000 r--s 00002000 08:02 1588698    /home/zulfikar/android-studio/gradle/m2repository/net/sf/proguard/proguard-gradle/5.1/proguard-gradle-5.1.jar
5ed02000-5ed04000 r--s 0001a000 08:02 1588538    /home/zulfikar/android-studio/gradle/m2repository/com/android/tools/lint/lint/24.1.0/lint-24.1.0.jar
5ed04000-5ed06000 r--s 00026000 08:02 1315244    /home/zulfikar/android-studio/plugins/gradle/lib/gradle-tooling-extension-impl.jar
5ed06000-5ed08000 r--s 00006000 08:02 1315245    /home/zulfikar/android-studio/plugins/gradle/lib/gradle-tooling-extension-api.jar
5ed08000-5ed0b000 ---p 00000000 00:00 0 
5ed0b000-5ed23000 rw-p 00000000 00:00 0          [stack:5875]
5ed23000-5ed4b000 r--s 001cf000 08:02 538294     /home/zulfikar/.gradle/caches/jars-1/87eo0lrvp84r6dbxjq018wy66es2era/guava-jdk5-17.0.jar
5ed4b000-5ed4e000 ---p 00000000 00:00 0 
5ed4e000-5ed9c000 rw-p 00000000 00:00 0          [stack:5428]
5ed9c000-5edb8000 r-xp 00000000 08:02 4063261    /lib/i386-linux-gnu/libgcc_s.so.1
5edb8000-5edb9000 rw-p 0001b000 08:02 4063261    /lib/i386-linux-gnu/libgcc_s.so.1
5edb9000-5edba000 r--s 00009000 08:02 1588660    /home/zulfikar/android-studio/gradle/m2repository/com/android/tools/build/gradle/1.1.0/gradle-1.1.0.jar
5edba000-5edbf000 r--s 0002e000 08:02 655395     /home/zulfikar/android-studio/lib/gson-2.3.jar
5edbf000-5edc0000 r--p 00000000 00:00 0 
5edc0000-5edc2000 r--s 00004000 08:02 1590543    /home/zulfikar/.gradle/caches/jars-1/tu2gnlb5m1rfa2weqb2jor5orcodnq1/builder-model-1.2.0-beta4.jar
5edc2000-5edc3000 r--s 00000000 08:02 538302     /home/zulfikar/.gradle/caches/jars-1/dg22azhabc6tsc1i8xni15giz1bnssh/gradle-appengine-builder-model-0.1.0.jar
5edc3000-5edc5000 r--s 00006000 08:02 1054686    /home/zulfikar/.gradle/caches/jars-1/44azw5yuqp9low0w27v7zezygqutkty/gradle-tooling-extension-api.jar
5edc5000-5edcb000 r--s 00026000 08:02 538296     /home/zulfikar/.gradle/caches/jars-1/qlb402qqdb9mu9614i3hr843cfch7zw/gradle-base-services-2.2.jar
5edcb000-5edd4000 r--s 0002c000 08:02 538292     /home/zulfikar/.gradle/caches/jars-1/ltkluv74baem3ersp41z8rutm6he5v5/gradle-tooling-api-2.2.jar
5edd4000-5edd8000 r-xp 00000000 08:02 3671438    /tmp/native-platform1604680865964859444dir/libnative-platform.so
5edd8000-5edd9000 rw-p 00003000 08:02 3671438    /tmp/native-platform1604680865964859444dir/libnative-platform.so
5edd9000-5eddd000 r--s 0008b000 08:02 2776049    /usr/lib/jvm/java-7-oracle/jre/lib/jsse.jar
5eddd000-5edde000 r--s 00001000 08:02 668756     /home/zulfikar/android-studio/gradle/gradle-2.2.1/lib/plugins/gradle-plugin-development-2.2.1.jar
5edde000-5ede0000 r--s 00002000 08:02 668677     /home/zulfikar/android-studio/gradle/gradle-2.2.1/lib/plugins/gradle-cunit-2.2.1.jar
5ede0000-5ede5000 r--s 00036000 08:02 668745     /home/zulfikar/android-studio/gradle/gradle-2.2.1/lib/plugins/gradle-ide-native-2.2.1.jar
5ede5000-5edea000 r--s 00013000 08:02 668715     /home/zulfikar/android-studio/gradle/gradle-2.2.1/lib/plugins/gradle-language-native-2.2.1.jar
5edea000-5edf5000 r--s 0004d000 08:02 668728     /home/zulfikar/android-studio/gradle/gradle-2.2.1/lib/plugins/gradle-platform-native-2.2.1.jar
5edf5000-5edfa000 r--s 00022000 08:02 668764     /home/zulfikar/android-studio/gradle/gradle-2.2.1/lib/plugins/gradle-language-java-2.2.1.jar
5edfa000-5edfd000 r--s 00007000 08:02 668733     /home/zulfikar/android-studio/gradle/gradle-2.2.1/lib/plugins/gradle-language-jvm-2.2.1.jar
5edfd000-5ee00000 r--s 00009000 08:02 668702     /home/zulfikar/android-studio/gradle/gradle-2.2.1/lib/plugins/gradle-platform-jvm-2.2.1.jar
5ee00000-5eef9000 rw-p 00000000 00:00 0 
5eef9000-5ef00000 ---p 00000000 00:00 0 
5ef00000-5efff000 rw-p 00000000 00:00 0 
5efff000-5f000000 ---p 00000000 00:00 0 
5f000000-5f002000 r--s 00008000 08:02 668699     /home/zulfikar/android-studio/gradle/gradle-2.2.1/lib/plugins/gradle-language-groovy-2.2.1.jar
5f002000-5f007000 r--s 00018000 08:02 668680     /home/zulfikar/android-studio/gradle/gradle-2.2.1/lib/plugins/gradle-platform-base-2.2.1.jar
5f007000-5f00c000 r--s 00026000 08:02 668766     /home/zulfikar/android-studio/gradle/gradle-2.2.1/lib/plugins/gradle-build-init-2.2.1.jar
5f00c000-5f00f000 r--s 0001d000 08:02 668746     /home/zulfikar/android-studio/gradle/gradle-2.2.1/lib/plugins/gradle-jacoco-2.2.1.jar
5f00f000-5f012000 r--s 0000d000 08:02 668738     /home/zulfikar/android-studio/gradle/gradle-2.2.1/lib/plugins/gradle-ivy-2.2.1.jar
5f012000-5f014000 r--s 00002000 08:02 668740     /home/zulfikar/android-studio/gradle/gradle-2.2.1/lib/plugins/gradle-publish-2.2.1.jar
5f014000-5f016000 r--s 00005000 08:02 668707     /home/zulfikar/android-studio/gradle/gradle-2.2.1/lib/plugins/jatl-0.2.2.jar
5f016000-5f018000 r--s 0000f000 08:02 668735     /home/zulfikar/android-studio/gradle/gradle-2.2.1/lib/plugins/gradle-reporting-2.2.1.jar
5f018000-5f01d000 r--s 00034000 08:02 668742     /home/zulfikar/android-studio/gradle/gradle-2.2.1/lib/plugins/gradle-diagnostics-2.2.1.jar
5f01d000-5f024000 r--s 00090000 08:02 668684     /home/zulfikar/android-studio/gradle/gradle-2.2.1/lib/plugins/gradle-build-comparison-2.2.1.jar
5f024000-5f02b000 r--s 00035000 08:02 668723     /home/zulfikar/android-studio/gradle/gradle-2.2.1/lib/plugins/simple-4.1.21.jar
5f02b000-5f037000 r--s 00100000 08:02 668754     /home/zulfikar/android-studio/gradle/gradle-2.2.1/lib/plugins/rhino-1.7R3.jar
5f037000-5f03c000 r--s 0001f000 08:02 668741     /home/zulfikar/android-studio/gradle/gradle-2.2.1/lib/plugins/gradle-javascript-2.2.1.jar
5f03c000-5f03e000 r--s 0000e000 08:02 668739     /home/zulfikar/android-studio/gradle/gradle-2.2.1/lib/plugins/gradle-ear-2.2.1.jar
5f03e000-5f042000 r--s 00025000 08:02 668676     /home/zulfikar/android-studio/gradle/gradle-2.2.1/lib/plugins/bcpg-jdk15-1.46.jar
5f042000-5f045000 r--s 0001d000 08:02 668687     /home/zulfikar/android-studio/gradle/gradle-2.2.1/lib/plugins/gradle-signing-2.2.1.jar
5f045000-5f046000 r--s 00002000 08:02 668669     /home/zulfikar/android-studio/gradle/gradle-2.2.1/lib/plugins/sonar-batch-bootstrapper-2.9.jar
5f046000-5f049000 r--s 00018000 08:02 668713     /home/zulfikar/android-studio/gradle/gradle-2.2.1/lib/plugins/gradle-sonar-2.2.1.jar
5f049000-5f04c000 r--s 00017000 08:02 668698     /home/zulfikar/android-studio/gradle/gradle-2.2.1/lib/plugins/gradle-scala-2.2.1.jar
5f04c000-5f04e000 r--s 0000e000 08:02 668704     /home/zulfikar/android-studio/gradle/gradle-2.2.1/lib/plugins/gradle-announce-2.2.1.jar
5f04e000-5f05c000 r--s 000bc000 08:02 668681     /home/zulfikar/android-studio/gradle/gradle-2.2.1/lib/plugins/gradle-ide-2.2.1.jar
5f05c000-5f05e000 r--s 00000000 08:02 668747     /home/zulfikar/android-studio/gradle/gradle-2.2.1/lib/plugins/plexus-component-annotations-1.5.2.jar
5f05e000-5f061000 r--s 0000c000 08:02 668703     /home/zulfikar/android-studio/gradle/gradle-2.2.1/lib/plugins/pmaven-groovy-0.8-20100325.jar
5f061000-5f062000 r--s 00004000 08:02 668724     /home/zulfikar/android-studio/gradle/gradle-2.2.1/lib/plugins/pmaven-common-0.8-20100325.jar
5f062000-5f066000 r--s 0001e000 08:02 668721     /home/zulfikar/android-studio/gradle/gradle-2.2.1/lib/plugins/gradle-maven-2.2.1.jar
5f066000-5f07e000 r--s 0013b000 08:02 668758     /home/zulfikar/android-studio/gradle/gradle-2.2.1/lib/plugins/bndlib-2.1.0.jar
5f07e000-5f080000 r--s 00004000 08:02 668691     /home/zulfikar/android-studio/gradle/gradle-2.2.1/lib/plugins/gradle-osgi-2.2.1.jar
5f080000-5f085000 r--s 00068000 08:02 668722     /home/zulfikar/android-studio/gradle/gradle-2.2.1/lib/plugins/antlr-2.7.7.jar
5f085000-5f086000 r--s 00002000 08:02 668753     /home/zulfikar/android-studio/gradle/gradle-2.2.1/lib/plugins/ant-antlr-1.9.3.jar
5f086000-5f088000 r--s 00004000 08:02 668744     /home/zulfikar/android-studio/gradle/gradle-2.2.1/lib/plugins/gradle-antlr-2.2.1.jar
5f088000-5f08b000 r--s 0001e000 08:02 668717     /home/zulfikar/android-studio/gradle/gradle-2.2.1/lib/plugins/jsp-api-2.1-6.1.14.jar
5f08b000-5f0ae000 r--s 00344000 08:02 668748     /home/zulfikar/android-studio/gradle/gradle-2.2.1/lib/plugins/core-3.1.1.jar
5f0ae000-5f0af000 r--s 00006000 08:02 668767     /home/zulfikar/android-studio/gradle/gradle-2.2.1/lib/plugins/jetty-naming-6.1.25.jar
5f0af000-5f0b1000 r--s 00002000 08:02 668709     /home/zulfikar/android-studio/gradle/gradle-2.2.1/lib/plugins/jetty-annotations-6.1.25.jar
5f0b1000-5f0c2000 r--s 000ea000 08:02 668729     /home/zulfikar/android-studio/gradle/gradle-2.2.1/lib/plugins/jsp-2.1-6.1.14.jar
5f0c2000-5f0c4000 r--s 0000d000 08:02 668679     /home/zulfikar/android-studio/gradle/gradle-2.2.1/lib/plugins/jetty-plus-6.1.25.jar
5f0c4000-5f0c6000 r--s 0001f000 08:02 668701     /home/zulfikar/android-studio/gradle/gradle-2.2.1/lib/plugins/servlet-api-2.5-20081211.jar
5f0c6000-5f0ca000 r--s 00028000 08:02 668670     /home/zulfikar/android-studio/gradle/gradle-2.2.1/lib/plugins/jetty-util-6.1.25.jar
5f0ca000-5f0d1000 r--s 0007d000 08:02 668731     /home/zulfikar/android-studio/gradle/gradle-2.2.1/lib/plugins/jetty-6.1.25.jar
5f0d1000-5f0d3000 r--s 00009000 08:02 668690     /home/zulfikar/android-studio/gradle/gradle-2.2.1/lib/plugins/gradle-jetty-2.2.1.jar
5f0d3000-5f0d8000 r--s 00041000 08:02 668693     /home/zulfikar/android-studio/gradle/gradle-2.2.1/lib/plugins/gradle-code-quality-2.2.1.jar
5f0d8000-5f0da000 r--s 00009000 08:02 668697     /home/zulfikar/android-studio/gradle/gradle-2.2.1/lib/plugins/hamcrest-core-1.3.jar
5f0da000-5f0e0000 r--s 00033000 08:02 668734     /home/zulfikar/android-studio/gradle/gradle-2.2.1/lib/plugins/snakeyaml-1.6.jar
5f0e0000-5f0e5000 r--s 00040000 08:02 668743     /home/zulfikar/android-studio/gradle/gradle-2.2.1/lib/plugins/bsh-2.0b4.jar
5f0e5000-5f0ee000 r--s 00089000 08:02 668694     /home/zulfikar/android-studio/gradle/gradle-2.2.1/lib/plugins/testng-6.3.1.jar
5f0ee000-5f0f4000 r--s 00036000 08:02 668718     /home/zulfikar/android-studio/gradle/gradle-2.2.1/lib/plugins/junit-4.11.jar
5f0f4000-5f100000 r--s 00075000 08:02 668688     /home/zulfikar/android-studio/gradle/gradle-2.2.1/lib/plugins/gradle-plugins-2.2.1.jar
5f100000-5f1fd000 rw-p 00000000 00:00 0 
5f1fd000-5f200000 ---p 00000000 00:00 0 
5f200000-5f201000 r--s 00002000 08:02 668696     /home/zulfikar/android-studio/gradle/gradle-2.2.1/lib/plugins/geronimo-annotation_1.0_spec-1.0.jar
5f201000-5f203000 r--s 00006000 08:02 668682     /home/zulfikar/android-studio/gradle/gradle-2.2.1/lib/plugins/jcommander-1.12.jar
5f203000-5f205000 r--s 00009000 08:02 668674     /home/zulfikar/android-studio/gradle/gradle-2.2.1/lib/plugins/commons-cli-1.2.jar
5f205000-5f208000 r--s 00011000 08:02 668671     /home/zulfikar/android-studio/gradle/gradle-2.2.1/lib/plugins/gradle-plugin-use-2.2.1.jar
5f208000-5f220000 r--s 00115000 08:02 668726     /home/zulfikar/android-studio/gradle/gradle-2.2.1/lib/plugins/xercesImpl-2.9.1.jar
5f220000-5f228000 r--s 00028000 08:02 668710     /home/zulfikar/android-studio/gradle/gradle-2.2.1/lib/plugins/xml-apis-1.3.04.jar
5f228000-5f22e000 r--s 0005b000 08:02 668673     /home/zulfikar/android-studio/gradle/gradle-2.2.1/lib/plugins/jcifs-1.3.17.jar
5f22e000-5f234000 r--s 00031000 08:02 668683     /home/zulfikar/android-studio/gradle/gradle-2.2.1/lib/plugins/httpcore-4.2.2.jar
5f234000-5f23a000 r--s 00033000 08:02 668672     /home/zulfikar/android-studio/gradle/gradle-2.2.1/lib/plugins/commons-codec-1.6.jar
5f23a000-5f23d000 r--s 0001c000 08:02 668762     /home/zulfikar/android-studio/gradle/gradle-2.2.1/lib/plugins/nekohtml-1.9.14.jar
5f23d000-5f246000 r--s 00060000 08:02 668695     /home/zulfikar/android-studio/gradle/gradle-2.2.1/lib/plugins/httpclient-4.2.2.jar
5f246000-5f248000 r--s 00007000 08:02 668752     /home/zulfikar/android-studio/gradle/gradle-2.2.1/lib/plugins/gradle-resources-http-2.2.1.jar
5f248000-5f270000 r--s 00194000 08:02 668708     /home/zulfikar/android-studio/gradle/gradle-2.2.1/lib/plugins/bcprov-jdk15-1.46.jar
5f270000-5f274000 r--s 0001d000 08:02 668749     /home/zulfikar/android-studio/gradle/gradle-2.2.1/lib/plugins/xbean-reflect-3.4.jar
5f274000-5f279000 r--s 0002a000 08:02 668759     /home/zulfikar/android-studio/gradle/gradle-2.2.1/lib/plugins/gson-2.2.4.jar
5f279000-5f27d000 r--s 0003d000 08:02 668714     /home/zulfikar/android-studio/gradle/gradle-2.2.1/lib/plugins/jsch-0.1.51.jar
5f27d000-5f296000 r--s 00129000 08:02 668755     /home/zulfikar/android-studio/gradle/gradle-2.2.1/lib/plugins/maven-ant-tasks-2.1.3.jar
5f296000-5f2a5000 r--s 000d9000 08:02 668737     /home/zulfikar/android-studio/gradle/gradle-2.2.1/lib/plugins/ivy-2.2.0.jar
5f2a5000-5f2a9000 r--s 0001e000 08:02 668711     /home/zulfikar/android-studio/gradle/gradle-2.2.1/lib/plugins/jarjar-aether-impl-1.13.1.jar
5f2a9000-5f2ac000 r--s 00027000 08:02 668716     /home/zulfikar/android-studio/gradle/gradle-2.2.1/lib/plugins/jarjar-maven-model-3.0.4.jar
5f2ac000-5f2af000 r--s 0000b000 08:02 668706     /home/zulfikar/android-studio/gradle/gradle-2.2.1/lib/plugins/jarjar-maven-artifact-3.0.4.jar
5f2af000-5f2b3000 r--s 0001e000 08:02 668686     /home/zulfikar/android-studio/gradle/gradle-2.2.1/lib/plugins/jarjar-aether-util-1.13.1.jar
5f2b3000-5f2b5000 r--s 00007000 08:02 668760     /home/zulfikar/android-studio/gradle/gradle-2.2.1/lib/plugins/jarjar-wagon-http-shared4-2.4.jar
5f2b5000-5f2c2000 r--s 00083000 08:02 668685     /home/zulfikar/android-studio/gradle/gradle-2.2.1/lib/plugins/jarjar-maven-core-3.0.4.jar
5f2c2000-5f2c4000 r--s 00003000 08:02 668736     /home/zulfikar/android-studio/gradle/gradle-2.2.1/lib/plugins/jarjar-aether-spi-1.13.1.jar
5f2c4000-5f2c6000 r--s 00009000 08:02 668725     /home/zulfikar/android-studio/gradle/gradle-2.2.1/lib/plugins/jarjar-maven-settings-builder-3.0.4.jar
5f2c6000-5f2ca000 r--s 00014000 08:02 668700     /home/zulfikar/android-studio/gradle/gradle-2.2.1/lib/plugins/jarjar-aether-api-1.13.1.jar
5f2ca000-5f2cb000 r--s 00002000 08:02 668750     /home/zulfikar/android-studio/gradle/gradle-2.2.1/lib/plugins/jarjar-wagon-http-2.4.jar
5f2cb000-5f2d2000 r--s 00042000 08:02 668689     /home/zulfikar/android-studio/gradle/gradle-2.2.1/lib/plugins/jarjar-maven-compat-3.0.4.jar
5f2d2000-5f2d4000 r--s 00006000 08:02 668705     /home/zulfikar/android-studio/gradle/gradle-2.2.1/lib/plugins/jarjar-aether-connector-wagon-1.13.1.jar
5f2d4000-5f2d6000 r--s 00000000 08:02 668692     /home/zulfikar/android-studio/gradle/gradle-2.2.1/lib/plugins/jarjar-plexus-component-annotations-1.5.5.jar
5f2d6000-5f2d8000 r--s 00006000 08:02 668678     /home/zulfikar/android-studio/gradle/gradle-2.2.1/lib/plugins/jarjar-plexus-sec-dispatcher-1.3.jar
5f2d8000-5f2dd000 r--s 00022000 08:02 668751     /home/zulfikar/android-studio/gradle/gradle-2.2.1/lib/plugins/jarjar-maven-model-builder-3.0.4.jar
5f2dd000-5f2df000 r--s 0000b000 08:02 668720     /home/zulfikar/android-studio/gradle/gradle-2.2.1/lib/plugins/jarjar-maven-plugin-api-3.0.4.jar
5f2df000-5f2e2000 r--s 0000a000 08:02 668675     /home/zulfikar/android-studio/gradle/gradle-2.2.1/lib/plugins/jarjar-plexus-classworlds-2.4.jar
5f2e2000-5f2e6000 r--s 00035000 08:02 668761     /home/zulfikar/android-studio/gradle/gradle-2.2.1/lib/plugins/jarjar-plexus-utils-2.0.6.jar
5f2e6000-5f2e8000 r--s 0000e000 08:02 668763     /home/zulfikar/android-studio/gradle/gradle-2.2.1/lib/plugins/jarjar-plexus-interpolation-1.14.jar
5f2e8000-5f300000 r--s 000b5000 08:02 668727     /home/zulfikar/android-studio/gradle/gradle-2.2.1/lib/plugins/gradle-dependency-management-2.2.1.jar
5f300000-5f4fa000 rw-p 00000000 00:00 0 
5f4fa000-5f500000 ---p 00000000 00:00 0 
5f500000-5f5f9000 rw-p 00000000 00:00 0 
5f5f9000-5f600000 ---p 00000000 00:00 0 
5f600000-5f602000 r--s 00002000 08:02 668712     /home/zulfikar/android-studio/gradle/gradle-2.2.1/lib/plugins/jarjar-plexus-cipher-1.7.jar
5f602000-5f604000 r--s 0000c000 08:02 668757     /home/zulfikar/android-studio/gradle/gradle-2.2.1/lib/plugins/jarjar-wagon-provider-api-2.4.jar
5f604000-5f606000 r--s 0000d000 08:02 668765     /home/zulfikar/android-studio/gradle/gradle-2.2.1/lib/plugins/jarjar-maven-aether-provider-3.0.4.jar
5f606000-5f60e000 r--s 00031000 08:02 668732     /home/zulfikar/android-studio/gradle/gradle-2.2.1/lib/plugins/jarjar-plexus-container-default-1.5.5.jar
5f60e000-5f60f000 r--s 00007000 08:02 668719     /home/zulfikar/android-studio/gradle/gradle-2.2.1/lib/plugins/jarjar-maven-repository-metadata-3.0.4.jar
5f60f000-5f610000 r--s 0000b000 08:02 668730     /home/zulfikar/android-studio/gradle/gradle-2.2.1/lib/plugins/jarjar-maven-settings-3.0.4.jar
5f610000-5f61e000 r-xp 00000000 08:02 2895718    /usr/lib/jvm/java-7-oracle/jre/lib/i386/libnio.so
5f61e000-5f61f000 rw-p 0000e000 08:02 2895718    /usr/lib/jvm/java-7-oracle/jre/lib/i386/libnio.so
5f61f000-5f626000 r--s 00000000 08:02 2754444    /usr/lib/i386-linux-gnu/gconv/gconv-modules.cache
5f626000-5f646000 r--p 00000000 08:02 3414428    /usr/share/locale-langpack/id/LC_MESSAGES/libc.mo
5f646000-5f65b000 r-xp 00000000 08:02 2888794    /usr/lib/jvm/java-7-oracle/jre/lib/i386/libnet.so
5f65b000-5f65c000 rw-p 00015000 08:02 2888794    /usr/lib/jvm/java-7-oracle/jre/lib/i386/libnet.so
5f65c000-5f65d000 r--s 00005000 08:02 668646     /home/zulfikar/android-studio/gradle/gradle-2.2.1/lib/gradle-wrapper-2.2.1.jar
5f65d000-5f666000 r--s 0002c000 08:02 668651     /home/zulfikar/android-studio/gradle/gradle-2.2.1/lib/gradle-tooling-api-2.2.1.jar
5f666000-5f668000 r--s 00002000 08:02 668661     /home/zulfikar/android-studio/gradle/gradle-2.2.1/lib/gradle-open-api-2.2.1.jar
5f668000-5f66e000 r--s 00032000 08:02 668654     /home/zulfikar/android-studio/gradle/gradle-2.2.1/lib/jaxen-1.1.jar
5f66e000-5f673000 r--s 00048000 08:02 668625     /home/zulfikar/android-studio/gradle/gradle-2.2.1/lib/dom4j-1.6.1.jar
5f673000-5f67e000 r--s 00059000 08:02 668664     /home/zulfikar/android-studio/gradle/gradle-2.2.1/lib/gradle-ui-2.2.1.jar
5f67e000-5f680000 r--s 00006000 08:02 668628     /home/zulfikar/android-studio/gradle/gradle-2.2.1/lib/gradle-resources-2.2.1.jar
5f680000-5f682000 r--s 00007000 08:02 668656     /home/zulfikar/android-studio/gradle/gradle-2.2.1/lib/objenesis-1.2.jar
5f682000-5f684000 r--s 00000000 08:02 668657     /home/zulfikar/android-studio/gradle/gradle-2.2.1/lib/minlog-1.2.jar
5f684000-5f686000 r--s 0000f000 08:02 668662     /home/zulfikar/android-studio/gradle/gradle-2.2.1/lib/reflectasm-1.07-shaded.jar
5f686000-5f68a000 r--s 00026000 08:02 668768     /home/zulfikar/android-studio/gradle/gradle-2.2.1/lib/kryo-2.20.jar
5f68a000-5f693000 r--s 00039000 08:02 668653     /home/zulfikar/android-studio/gradle/gradle-2.2.1/lib/gradle-messaging-2.2.1.jar
5f693000-5f694000 r--s 00003000 08:02 668666     /home/zulfikar/android-studio/gradle/gradle-2.2.1/lib/native-platform-freebsd-amd64-0.10.jar
5f694000-5f695000 r--s 00003000 08:02 668648     /home/zulfikar/android-studio/gradle/gradle-2.2.1/lib/native-platform-freebsd-i386-0.10.jar
5f695000-5f696000 r--s 00005000 08:02 668652     /home/zulfikar/android-studio/gradle/gradle-2.2.1/lib/native-platform-windows-i386-0.10.jar
5f696000-5f697000 r--s 00005000 08:02 668621     /home/zulfikar/android-studio/gradle/gradle-2.2.1/lib/native-platform-windows-amd64-0.10.jar
5f697000-5f698000 r--s 00003000 08:02 668624     /home/zulfikar/android-studio/gradle/gradle-2.2.1/lib/native-platform-linux-i386-0.10.jar
5f698000-5f699000 r--s 00003000 08:02 668632     /home/zulfikar/android-studio/gradle/gradle-2.2.1/lib/native-platform-linux-amd64-0.10.jar
5f699000-5f69a000 r--s 00002000 08:02 668769     /home/zulfikar/android-studio/gradle/gradle-2.2.1/lib/native-platform-osx-amd64-0.10.jar
5f69a000-5f69b000 r--s 00002000 08:02 668644     /home/zulfikar/android-studio/gradle/gradle-2.2.1/lib/native-platform-osx-i386-0.10.jar
5f69b000-5f69d000 r--s 00008000 08:02 668643     /home/zulfikar/android-studio/gradle/gradle-2.2.1/lib/jansi-1.2.1.jar
5f69d000-5f6a0000 r--s 0000d000 08:02 668658     /home/zulfikar/android-studio/gradle/gradle-2.2.1/lib/native-platform-0.10.jar
5f6a0000-5f6a4000 r--s 000e4000 08:02 668623     /home/zulfikar/android-studio/gradle/gradle-2.2.1/lib/jna-3.2.7.jar
5f6a4000-5f6a6000 r--s 00008000 08:02 668642     /home/zulfikar/android-studio/gradle/gradle-2.2.1/lib/gradle-native-2.2.1.jar
5f6a6000-5f711000 r--s 00685000 08:02 668622     /home/zulfikar/android-studio/gradle/gradle-2.2.1/lib/groovy-all-2.3.6.jar
5f711000-5f739000 r--s 001cf000 08:02 668640     /home/zulfikar/android-studio/gradle/gradle-2.2.1/lib/guava-jdk5-17.0.jar
5f739000-5f73a000 ---p 00000000 00:00 0 
5f73a000-5f7ba000 rw-p 00000000 00:00 0          [stack:5426]
5f7ba000-5f7bd000 ---p 00000000 00:00 0 
5f7bd000-5f80b000 rw-p 00000000 00:00 0          [stack:5425]
5f80b000-5f80e000 ---p 00000000 00:00 0 
5f80e000-5f88c000 rw-p 00000000 00:00 0          [stack:5424]
5f88c000-5f88f000 ---p 00000000 00:00 0 
5f88f000-5f90d000 rw-p 00000000 00:00 0          [stack:5423]
5f90d000-5f910000 ---p 00000000 00:00 0 
5f910000-5f95e000 rw-p 00000000 00:00 0          [stack:5422]
5f95e000-5fb5e000 r--p 00000000 08:02 2761074    /usr/lib/locale/locale-archive
5fb5e000-5fb61000 ---p 00000000 00:00 0 
5fb61000-5fbaf000 rw-p 00000000 00:00 0          [stack:5421]
5fbaf000-5fbb2000 ---p 00000000 00:00 0 
5fbb2000-5fc00000 rw-p 00000000 00:00 0          [stack:5420]
5fc00000-5fd00000 rw-p 00000000 00:00 0 
5fd00000-5fd02000 r--s 00005000 08:02 668665     /home/zulfikar/android-studio/gradle/gradle-2.2.1/lib/gradle-cli-2.2.1.jar
5fd02000-5fd04000 r--s 00003000 08:02 668630     /home/zulfikar/android-studio/gradle/gradle-2.2.1/lib/gradle-base-services-groovy-2.2.1.jar
5fd04000-5fd06000 r--s 0000a000 08:02 668638     /home/zulfikar/android-studio/gradle/gradle-2.2.1/lib/gradle-model-groovy-2.2.1.jar
5fd06000-5fd0a000 r--s 0001b000 08:02 668634     /home/zulfikar/android-studio/gradle/gradle-2.2.1/lib/gradle-model-core-2.2.1.jar
5fd0a000-5fd0b000 r--s 00000000 08:02 668647     /home/zulfikar/android-studio/gradle/gradle-2.2.1/lib/gradle-docs-2.2.1.jar
5fd0b000-5fd0d000 r--s 00003000 08:02 668631     /home/zulfikar/android-studio/gradle/gradle-2.2.1/lib/jcl-over-slf4j-1.7.7.jar
5fd0d000-5fd13000 r--s 0003b000 08:02 668627     /home/zulfikar/android-studio/gradle/gradle-2.2.1/lib/logback-classic-1.0.13.jar
5fd13000-5fd21000 r--s 0007f000 08:02 668660     /home/zulfikar/android-studio/gradle/gradle-2.2.1/lib/commons-collections-3.2.1.jar
5fd21000-5fd40000 r--s 001cc000 08:02 668629     /home/zulfikar/android-studio/gradle/gradle-2.2.1/lib/ant-1.9.3.jar
5fd40000-5ff00000 r--s 039fb000 08:02 2776112    /usr/lib/jvm/java-7-oracle/jre/lib/rt.jar
5ff00000-62c00000 rw-p 00000000 00:00 0 
62c00000-62cf7000 rw-p 00000000 00:00 0 
62cf7000-62d00000 ---p 00000000 00:00 0 
62d00000-62d03000 r--s 0001b000 08:02 668633     /home/zulfikar/android-studio/gradle/gradle-2.2.1/lib/jarjar-1.3.jar
62d03000-62d34000 r--s 00191000 08:02 668635     /home/zulfikar/android-studio/gradle/gradle-2.2.1/lib/gradle-core-2.2.1.jar
62d34000-62d35000 ---p 00000000 00:00 0 
62d35000-62e00000 rw-p 00000000 00:00 0          [stack:5419]
62e00000-62e88000 rw-p 00000000 00:00 0 
62e88000-62f00000 ---p 00000000 00:00 0 
62f00000-62f02000 r--s 00000000 08:02 668655     /home/zulfikar/android-studio/gradle/gradle-2.2.1/lib/jul-to-slf4j-1.7.7.jar
62f02000-62f0c000 r--s 0005d000 08:02 668637     /home/zulfikar/android-studio/gradle/gradle-2.2.1/lib/logback-core-1.0.13.jar
62f0c000-62f67000 rw-p 00000000 00:00 0 
62f67000-62f68000 ---p 00000000 00:00 0 
62f68000-62fe8000 rw-p 00000000 00:00 0          [stack:5418]
62fe8000-62fe9000 ---p 00000000 00:00 0 
62fe9000-6308a000 rw-p 00000000 00:00 0          [stack:5417]
6308a000-630e9000 rw-p 00000000 00:00 0 
630e9000-63121000 rw-p 00000000 00:00 0 
63121000-6323f000 rw-p 00000000 00:00 0 
6323f000-63260000 rw-p 00000000 00:00 0 
63260000-632bf000 rw-p 00000000 00:00 0 
632bf000-632f7000 rw-p 00000000 00:00 0 
632f7000-63414000 rw-p 00000000 00:00 0 
63414000-634bf000 rw-p 00000000 00:00 0 
634bf000-675c0000 rw-p 00000000 00:00 0 
675c0000-734c0000 rw-p 00000000 00:00 0 
734c0000-7a400000 rw-p 00000000 00:00 0 
7dd8b000-7df00000 rw-p 00000000 00:00 0 
7df00000-9df40000 rw-p 00000000 00:00 0 
9df40000-b34c0000 rw-p 00000000 00:00 0 
b34c0000-b34c1000 r--s 00005000 08:02 668659     /home/zulfikar/android-studio/gradle/gradle-2.2.1/lib/log4j-over-slf4j-1.7.7.jar
b34c1000-b34c6000 r--s 00041000 08:02 668626     /home/zulfikar/android-studio/gradle/gradle-2.2.1/lib/commons-lang-2.6.jar
b34c6000-b34c9000 r--s 00018000 08:02 668667     /home/zulfikar/android-studio/gradle/gradle-2.2.1/lib/commons-io-1.4.jar
b34c9000-b3500000 rw-p 00000000 00:00 0 
b3500000-b35a7000 rw-p 00000000 00:00 0 
b35a7000-b3bd7000 rwxp 00000000 00:00 0 
b3bd7000-b65a7000 rw-p 00000000 00:00 0 
b65a7000-b65be000 r-xp 00000000 08:02 2887701    /usr/lib/jvm/java-7-oracle/jre/lib/i386/libzip.so
b65be000-b65bf000 rw-p 00016000 08:02 2887701    /usr/lib/jvm/java-7-oracle/jre/lib/i386/libzip.so
b65bf000-b65ca000 r-xp 00000000 08:02 4069373    /lib/i386-linux-gnu/libnss_files-2.19.so
b65ca000-b65cb000 r--p 0000a000 08:02 4069373    /lib/i386-linux-gnu/libnss_files-2.19.so
b65cb000-b65cc000 rw-p 0000b000 08:02 4069373    /lib/i386-linux-gnu/libnss_files-2.19.so
b65cc000-b65e1000 r-xp 00000000 08:02 4064413    /lib/i386-linux-gnu/libnsl-2.19.so
b65e1000-b65e2000 r--p 00015000 08:02 4064413    /lib/i386-linux-gnu/libnsl-2.19.so
b65e2000-b65e3000 rw-p 00016000 08:02 4064413    /lib/i386-linux-gnu/libnsl-2.19.so
b65e3000-b65e5000 rw-p 00000000 00:00 0 
b65e5000-b65ea000 r--s 00036000 08:02 668649     /home/zulfikar/android-studio/gradle/gradle-2.2.1/lib/asm-all-5.0.3.jar
b65ea000-b65f0000 r--s 00026000 08:02 668645     /home/zulfikar/android-studio/gradle/gradle-2.2.1/lib/gradle-base-services-2.2.1.jar
b65f0000-b65f8000 r--s 0003c000 08:02 668663     /home/zulfikar/android-studio/gradle/gradle-2.2.1/lib/gradle-launcher-2.2.1.jar
b65f8000-b6600000 rw-s 00000000 08:02 3671436    /tmp/hsperfdata_zulfikar/5414
b6600000-b66f3000 rw-p 00000000 00:00 0 
b66f3000-b6700000 ---p 00000000 00:00 0 
b6700000-b6701000 r--s 00000000 08:02 668650     /home/zulfikar/android-studio/gradle/gradle-2.2.1/lib/javax.inject-1.jar
b6701000-b6702000 r--s 00000000 08:02 668641     /home/zulfikar/android-studio/gradle/gradle-2.2.1/lib/jcip-annotations-1.0.jar
b6702000-b670c000 r-xp 00000000 08:02 4064410    /lib/i386-linux-gnu/libnss_nis-2.19.so
b670c000-b670d000 r--p 00009000 08:02 4064410    /lib/i386-linux-gnu/libnss_nis-2.19.so
b670d000-b670e000 rw-p 0000a000 08:02 4064410    /lib/i386-linux-gnu/libnss_nis-2.19.so
b670e000-b6731000 r-xp 00000000 08:02 2887703    /usr/lib/jvm/java-7-oracle/jre/lib/i386/libjava.so
b6731000-b6732000 rw-p 00023000 08:02 2887703    /usr/lib/jvm/java-7-oracle/jre/lib/i386/libjava.so
b6732000-b6739000 r-xp 00000000 08:02 4069375    /lib/i386-linux-gnu/librt-2.19.so
b6739000-b673a000 r--p 00006000 08:02 4069375    /lib/i386-linux-gnu/librt-2.19.so
b673a000-b673b000 rw-p 00007000 08:02 4069375    /lib/i386-linux-gnu/librt-2.19.so
b673b000-b673e000 ---p 00000000 00:00 0 
b673e000-b678c000 rw-p 00000000 00:00 0          [stack:5416]
b678c000-b67d0000 r-xp 00000000 08:02 4067819    /lib/i386-linux-gnu/libm-2.19.so
b67d0000-b67d1000 r--p 00043000 08:02 4067819    /lib/i386-linux-gnu/libm-2.19.so
b67d1000-b67d2000 rw-p 00044000 08:02 4067819    /lib/i386-linux-gnu/libm-2.19.so
b67d2000-b7059000 r-xp 00000000 08:02 2887672    /usr/lib/jvm/java-7-oracle/jre/lib/i386/server/libjvm.so
b7059000-b70bd000 rw-p 00886000 08:02 2887672    /usr/lib/jvm/java-7-oracle/jre/lib/i386/server/libjvm.so
b70bd000-b74e1000 rw-p 00000000 00:00 0 
b74e1000-b7689000 r-xp 00000000 08:02 4064293    /lib/i386-linux-gnu/libc-2.19.so
b7689000-b768b000 r--p 001a8000 08:02 4064293    /lib/i386-linux-gnu/libc-2.19.so
b768b000-b768c000 rw-p 001aa000 08:02 4064293    /lib/i386-linux-gnu/libc-2.19.so
b768c000-b768f000 rw-p 00000000 00:00 0 
b768f000-b7692000 r-xp 00000000 08:02 4064401    /lib/i386-linux-gnu/libdl-2.19.so
b7692000-b7693000 r--p 00002000 08:02 4064401    /lib/i386-linux-gnu/libdl-2.19.so
b7693000-b7694000 rw-p 00003000 08:02 4064401    /lib/i386-linux-gnu/libdl-2.19.so
b7694000-b7695000 rw-p 00000000 00:00 0 
b7695000-b76a9000 r-xp 00000000 08:02 2763646    /usr/lib/jvm/java-7-oracle/lib/i386/jli/libjli.so
b76a9000-b76aa000 rw-p 00013000 08:02 2763646    /usr/lib/jvm/java-7-oracle/lib/i386/jli/libjli.so
b76aa000-b76c2000 r-xp 00000000 08:02 4068236    /lib/i386-linux-gnu/libpthread-2.19.so
b76c2000-b76c3000 r--p 00018000 08:02 4068236    /lib/i386-linux-gnu/libpthread-2.19.so
b76c3000-b76c4000 rw-p 00019000 08:02 4068236    /lib/i386-linux-gnu/libpthread-2.19.so
b76c4000-b76c6000 rw-p 00000000 00:00 0 
b76c6000-b76c8000 r--s 00006000 08:02 668636     /home/zulfikar/android-studio/gradle/gradle-2.2.1/lib/slf4j-api-1.7.7.jar
b76c8000-b76c9000 r--s 00004000 08:02 668639     /home/zulfikar/android-studio/gradle/gradle-2.2.1/lib/ant-launcher-1.9.3.jar
b76c9000-b76ca000 r--p 00859000 08:02 2761074    /usr/lib/locale/locale-archive
b76ca000-b76d1000 r-xp 00000000 08:02 4067820    /lib/i386-linux-gnu/libnss_compat-2.19.so
b76d1000-b76d2000 r--p 00006000 08:02 4067820    /lib/i386-linux-gnu/libnss_compat-2.19.so
b76d2000-b76d3000 rw-p 00007000 08:02 4067820    /lib/i386-linux-gnu/libnss_compat-2.19.so
b76d3000-b76d4000 rw-p 00000000 00:00 0 
b76d4000-b76d5000 ---p 00000000 00:00 0 
b76d5000-b76e0000 r-xp 00000000 08:02 2887704    /usr/lib/jvm/java-7-oracle/jre/lib/i386/libverify.so
b76e0000-b76e1000 rw-p 0000b000 08:02 2887704    /usr/lib/jvm/java-7-oracle/jre/lib/i386/libverify.so
b76e1000-b76e3000 rw-p 00000000 00:00 0 
b76e3000-b76e4000 r-xp 00000000 00:00 0          [vdso]
b76e4000-b7704000 r-xp 00000000 08:02 4064402    /lib/i386-linux-gnu/ld-2.19.so
b7704000-b7705000 r--p 0001f000 08:02 4064402    /lib/i386-linux-gnu/ld-2.19.so
b7705000-b7706000 rw-p 00020000 08:02 4064402    /lib/i386-linux-gnu/ld-2.19.so
bf858000-bf859000 rwxp 00000000 00:00 0 
bf88a000-bf8ac000 rw-p 00000000 00:00 0          [stack]

VM Arguments:
jvm_args: -XX:MaxPermSize=256m -XX:+HeapDumpOnOutOfMemoryError -Xmx1024m -Dfile.encoding=UTF-8 -Duser.country=ID -Duser.language=in -Duser.variant 
java_command: org.gradle.launcher.daemon.bootstrap.GradleDaemon 2.2.1 /home/zulfikar/.gradle/daemon 10800000 5cd79404-1ee0-42e2-91b9-66ecc6d75b1b -XX:MaxPermSize=256m -XX:+HeapDumpOnOutOfMemoryError -Xmx1024m -Dfile.encoding=UTF-8 -Duser.country=ID -Duser.language=in -Duser.variant
Launcher Type: SUN_STANDARD

Environment Variables:
JAVA_HOME=/usr/lib/java/jdk1.8.0_25
PATH=/usr/local/sbin:/usr/local/bin:/usr/sbin:/usr/bin:/sbin:/bin:/usr/games:/usr/local/games:/usr/lib/jvm/java-8-oracle/bin:/usr/lib/jvm/java-8-oracle/db/bin:/usr/lib/jvm/java-8-oracle/jre/bin:/usr/lib/java/jdk1.8.0_25/bin
LD_LIBRARY_PATH=.:
SHELL=/bin/bash
DISPLAY=:0

Signal Handlers:
SIGSEGV: [libjvm.so+0x7eb160], sa_mask[0]=0x7ffbfeff, sa_flags=0x10000004
SIGBUS: [libjvm.so+0x7eb160], sa_mask[0]=0x7ffbfeff, sa_flags=0x10000004
SIGFPE: [libjvm.so+0x684ac0], sa_mask[0]=0x7ffbfeff, sa_flags=0x10000004
SIGPIPE: [libjvm.so+0x684ac0], sa_mask[0]=0x7ffbfeff, sa_flags=0x10000004
SIGXFSZ: [libjvm.so+0x684ac0], sa_mask[0]=0x7ffbfeff, sa_flags=0x10000004
SIGILL: [libjvm.so+0x684ac0], sa_mask[0]=0x7ffbfeff, sa_flags=0x10000004
SIGUSR1: SIG_DFL, sa_mask[0]=0x00000000, sa_flags=0x00000000
SIGUSR2: [libjvm.so+0x686330], sa_mask[0]=0x00000004, sa_flags=0x10000004
SIGHUP: [libjvm.so+0x687660], sa_mask[0]=0x7ffbfeff, sa_flags=0x10000004
SIGINT: [libjvm.so+0x687660], sa_mask[0]=0x7ffbfeff, sa_flags=0x10000004
SIGTERM: [libjvm.so+0x687660], sa_mask[0]=0x7ffbfeff, sa_flags=0x10000004
SIGQUIT: [libjvm.so+0x687660], sa_mask[0]=0x7ffbfeff, sa_flags=0x10000004


---------------  S Y S T E M  ---------------

OS:jessie/sid

uname:Linux 3.13.0-52-generic #86-Ubuntu SMP Mon May 4 04:32:15 UTC 2015 i686
libc:glibc 2.19 NPTL 2.19 
rlimit: STACK 8192k, CORE 0k, NPROC 15424, NOFILE 4096, AS infinity
load average:3,54 2,42 1,94

/proc/meminfo:
MemTotal:        1993532 kB
MemFree:          128448 kB
Buffers:             660 kB
Cached:           173384 kB
SwapCached:         1480 kB
Active:           878868 kB
Inactive:         903976 kB
Active(anon):     873300 kB
Inactive(anon):   886628 kB
Active(file):       5568 kB
Inactive(file):    17348 kB
Unevictable:          64 kB
Mlocked:              64 kB
HighTotal:       1112440 kB
HighFree:          14284 kB
LowTotal:         881092 kB
LowFree:          114164 kB
SwapTotal:        102396 kB
SwapFree:              0 kB
Dirty:               456 kB
Writeback:             0 kB
AnonPages:       1607496 kB
Mapped:            33072 kB
Shmem:            151016 kB
Slab:              41712 kB
SReclaimable:      19960 kB
SUnreclaim:        21752 kB
KernelStack:        4376 kB
PageTables:        13728 kB
NFS_Unstable:          0 kB
Bounce:                0 kB
WritebackTmp:          0 kB
CommitLimit:     1099160 kB
Committed_AS:    5079556 kB
VmallocTotal:     122880 kB
VmallocUsed:       15036 kB
VmallocChunk:     102228 kB
HardwareCorrupted:     0 kB
AnonHugePages:    200704 kB
HugePages_Total:       0
HugePages_Free:        0
HugePages_Rsvd:        0
HugePages_Surp:        0
Hugepagesize:       2048 kB
DirectMap4k:       30712 kB
DirectMap2M:      882688 kB


CPU:total 2 (2 cores per cpu, 1 threads per core) family 6 model 23 stepping 10, cmov, cx8, fxsr, mmx, sse, sse2, sse3, ssse3, tsc

/proc/cpuinfo:
processor	: 0
vendor_id	: GenuineIntel
cpu family	: 6
model		: 23
model name	: Pentium(R) Dual-Core CPU       T4200  @ 2.00GHz
stepping	: 10
microcode	: 0xa07
cpu MHz		: 2000.000
cache size	: 1024 KB
physical id	: 0
siblings	: 2
core id		: 0
cpu cores	: 2
apicid		: 0
initial apicid	: 0
fdiv_bug	: no
f00f_bug	: no
coma_bug	: no
fpu		: yes
fpu_exception	: yes
cpuid level	: 13
wp		: yes
flags		: fpu vme de pse tsc msr pae mce cx8 apic sep mtrr pge mca cmov pat pse36 clflush dts acpi mmx fxsr sse sse2 ss ht tm pbe nx lm constant_tsc arch_perfmon pebs bts aperfmperf pni dtes64 monitor ds_cpl est tm2 ssse3 cx16 xtpr pdcm xsave lahf_lm dtherm
bogomips	: 3990.05
clflush size	: 64
cache_alignment	: 64
address sizes	: 36 bits physical, 48 bits virtual
power management:

processor	: 1
vendor_id	: GenuineIntel
cpu family	: 6
model		: 23
model name	: Pentium(R) Dual-Core CPU       T4200  @ 2.00GHz
stepping	: 10
microcode	: 0xa07
cpu MHz		: 2000.000
cache size	: 1024 KB
physical id	: 0
siblings	: 2
core id		: 1
cpu cores	: 2
apicid		: 1
initial apicid	: 1
fdiv_bug	: no
f00f_bug	: no
coma_bug	: no
fpu		: yes
fpu_exception	: yes
cpuid level	: 13
wp		: yes
flags		: fpu vme de pse tsc msr pae mce cx8 apic sep mtrr pge mca cmov pat pse36 clflush dts acpi mmx fxsr sse sse2 ss ht tm pbe nx lm constant_tsc arch_perfmon pebs bts aperfmperf pni dtes64 monitor ds_cpl est tm2 ssse3 cx16 xtpr pdcm xsave lahf_lm dtherm
bogomips	: 3990.05
clflush size	: 64
cache_alignment	: 64
address sizes	: 36 bits physical, 48 bits virtual
power management:



Memory: 4k page, physical 1993532k(128448k free), swap 102396k(0k free)

vm_info: Java HotSpot(TM) Server VM (24.80-b11) for linux-x86 JRE (1.7.0_80-b15), built on Apr 10 2015 12:29:10 by "java_re" with gcc 4.3.0 20080428 (Red Hat 4.3.0-8)

time: Sun May 24 22:05:53 2015
elapsed time: 389 seconds

